<?xml version="1.0" encoding="UTF-8"?>
<!-- Generated by org.testng.reporters.JUnitReportReporter -->
<testsuite hostname="LHR-ISKY-HAMRAZ" failures="0" tests="3" name="com.hellofresh.challenge.WebTest" time="184.080" errors="0" timestamp="10 Nov 2018 16:18:00 GMT" skipped="0">
  <testcase classname="com.hellofresh.challenge.WebTest" name="signInTest" time="43.951"/>
  <testcase classname="com.hellofresh.challenge.WebTest" name="logInTest" time="36.773"/>
  <testcase classname="com.hellofresh.challenge.WebTest" name="checkoutTest" time="103.356"/>
</testsuite> <!-- com.hellofresh.challenge.WebTest -->
