<?xml version="1.0" encoding="UTF-8"?>
<!-- Generated by org.testng.reporters.JUnitReportReporter -->
<testsuite hostname="LHR-ISKY-HAMRAZ" failures="0" tests="5" name="com.hellofresh.challenge.RestApiTest" time="11.169" errors="0" timestamp="11 Nov 2018 12:21:38 GMT" skipped="0">
  <testcase classname="com.hellofresh.challenge.RestApiTest" name="Test_DE" time="3.248"/>
  <testcase classname="com.hellofresh.challenge.RestApiTest" name="Test_GB" time="3.264"/>
  <testcase classname="com.hellofresh.challenge.RestApiTest" name="Test_InexistentCountry" time="0.994"/>
  <testcase classname="com.hellofresh.challenge.RestApiTest" name="Test_getAllCountries" time="2.667"/>
  <testcase classname="com.hellofresh.challenge.RestApiTest" name="Test_US" time="0.996"/>
</testsuite> <!-- com.hellofresh.challenge.RestApiTest -->
